[INFO] Collector started (group=yolo-results-group-1775642445) — Ctrl+C to stop and finalise.
[INFO] Ctrl+C received — finalising video…
[INFO] Closing video encoder…
[INFO] Video saved — 0 frames received, 0 frames written (0.00s) to output/output_1775642445.mp4
[INFO] Collector started (group=yolo-results-group-1775642552) — Ctrl+C to stop and finalise.
[INFO] Ctrl+C received — finalising video…
[INFO] Closing video encoder…
[INFO] Video saved — 0 frames received, 0 frames written (0.00s) to output/output_1775642552.mp4
[INFO] Collector started (group=yolo-results-group-1775642708) — Ctrl+C to stop and finalise.
[INFO] Ctrl+C received — finalising video…
[INFO] Closing video encoder…
[INFO] Video saved — 0 frames received, 0 frames written (0.00s) to output/output_1775642708.mp4
[INFO] Collector started (group=yolo-results-group-1775642887) — Ctrl+C to stop and finalise.
[INFO] Writing video → output/output_1775642887.mp4  (1280x720 @ 30 fps, codec=libx264/H.264)
[INFO] Collector started (group=yolo-results-group-1775644067) — Ctrl+C to stop and finalise.
[INFO] Writing video → output/output_1775644067.mp4  (1280x720 @ 30 fps, codec=libx264/H.264)
[INFO] Ctrl+C received — finalising video…
[INFO] Closing video encoder…
[INFO] Video saved — 76 frames received, 76 frames written (2.53s) to output/output_1775644067.mp4
[INFO] Collector started (group=yolo-results-group-1775645415) — Ctrl+C to stop and finalise.
[INFO] Writing video → output/output_1775645415.mp4  (1280x720 @ 30 fps, codec=libx264/H.264)
[INFO] Ctrl+C received — finalising video…
[INFO] Closing video encoder…
[INFO] Video saved — 507 frames received, 507 frames written (16.90s) to output/output_1775645415.mp4
[INFO] Collector started (group=yolo-results-group-1775645561) — Ctrl+C to stop and finalise.
[INFO] Writing video → output/output_1775645561.mp4  (1280x720 @ 30 fps, codec=libx264/H.264)
[INFO] Ctrl+C received — finalising video…
[INFO] Closing video encoder…
[INFO] Video saved — 553 frames received, 269 frames written (8.97s) to output/output_1775645561.mp4
[INFO] Collector started (group=yolo-results-group-1775646526) — Ctrl+C to stop and finalise.
[INFO] Writing video → output/output_1775646526.mp4  (1280x720 @ 30 fps, codec=libx264/H.264)
[INFO] Ctrl+C received — finalising video…
[INFO] Closing video encoder…
[INFO] Video saved — 48 frames received, 16 frames written (0.53s) to output/output_1775646526.mp4
