[ERROR] Video file not found: race_car.mp4
[INFO] Connecting to RTSP: rtsp://localhost:8554/live
[INFO] Shutting down ingestion…
[INFO] Done — 2436 frames sent.
[INFO] Connecting to RTSP: rtsp://localhost:8554/live
[INFO] Stream opened — reading frames.
[INFO] Shutting down ingestion…
[INFO] Done — 126 frames sent.
[INFO] Connecting to RTSP: rtsp://localhost:8554/live
[INFO] Stream opened — reading frames.
[INFO] Shutting down ingestion…
[INFO] Done — 490 frames sent.
[INFO] Clearing Kafka topic 'quickstart-events'...
[INFO] Topic 'quickstart-events' deleted. Waiting for Kafka to replicate...
[ERROR] Video file not found: race_car.mp4
[INFO] Clearing Kafka topic 'quickstart-events'...
[INFO] Topic deletion skipped/failed: KafkaError{code=UNKNOWN_TOPIC_OR_PART,val=3,str="Broker: Unknown topic or partition"}
[INFO] Connecting to RTSP: rtsp://localhost:8554/live
[INFO] Stream opened (30.00 fps) — reading frames.
[INFO] Shutting down ingestion…
[INFO] Shutting down ingestion…
[INFO] Shutting down ingestion…
[INFO] Shutting down ingestion…
[INFO] Shutting down ingestion…
[INFO] Shutting down ingestion…
[INFO] Shutting down ingestion…
[INFO] Shutting down ingestion…
[INFO] Shutting down ingestion…
[INFO] Shutting down ingestion…
[INFO] Shutting down ingestion…
[INFO] Shutting down ingestion…
[INFO] Shutting down ingestion…
[INFO] Shutting down ingestion…
[INFO] Clearing Kafka topic 'quickstart-events'...
[INFO] Topic 'quickstart-events' deleted. Waiting for Kafka to clear it...
[INFO] Connecting to RTSP: rtsp://localhost:8554/live
[INFO] Stream opened (30.00 fps) — reading frames.
[INFO] Shutting down ingestion…
[INFO] Shutting down ingestion…
[INFO] Done — 2229 frames sent.
[INFO] Clearing Kafka topic 'quickstart-events'...
[INFO] Topic 'quickstart-events' deleted. Waiting for Kafka to clear it...
[INFO] Topic 'quickstart-events' successfully recreated.
[INFO] Connecting to RTSP: rtsp://localhost:8554/live
[INFO] Stream opened (30.00 fps) — reading frames.
[INFO] Shutting down ingestion…
[INFO] Done — 693 frames sent.
[INFO] Clearing Kafka topic 'quickstart-events'...
[INFO] Topic 'quickstart-events' deleted. Waiting for Kafka to clear it...
[INFO] Topic 'quickstart-events' successfully recreated.
[INFO] Clearing Kafka topic 'yolo-results'...
[INFO] Topic 'yolo-results' deleted. Waiting for Kafka to clear it...
[INFO] Topic 'yolo-results' successfully recreated.
[INFO] Connecting to RTSP: rtsp://localhost:8554/live
[INFO] Stream opened (30.00 fps) — reading frames.
[INFO] Shutting down ingestion…
[INFO] Done — 615 frames sent.
[INFO] Clearing Kafka topic 'quickstart-events'...
[INFO] Topic 'quickstart-events' deleted. Waiting for Kafka to clear it...
[INFO] Topic 'quickstart-events' successfully recreated.
[INFO] Clearing Kafka topic 'yolo-results'...
[INFO] Topic 'yolo-results' deleted. Waiting for Kafka to clear it...
[INFO] Connecting to RTSP: rtsp://localhost:8554/live
[INFO] Stream opened (30.00 fps) — reading frames.
[INFO] Shutting down ingestion…
[INFO] Done — 989 frames sent.
[INFO] Clearing Kafka topic 'quickstart-events'...
[INFO] Topic 'quickstart-events' deleted. Waiting for Kafka to clear it...
[INFO] Topic 'quickstart-events' successfully recreated.
[INFO] Clearing Kafka topic 'yolo-results'...
[INFO] Topic 'yolo-results' deleted. Waiting for Kafka to clear it...
[INFO] Topic 'yolo-results' successfully recreated.
[INFO] Connecting to RTSP: rtsp://localhost:8554/live
[INFO] Stream opened (29.97 fps) — reading frames.
[INFO] Shutting down ingestion…
[INFO] Done — 1469 frames sent.
[INFO] Clearing Kafka topic 'quickstart-events'...
[INFO] Topic 'quickstart-events' deleted. Waiting for Kafka to clear it...
[INFO] Topic 'quickstart-events' successfully recreated with 8 partition(s).
[INFO] Clearing Kafka topic 'yolo-results'...
[INFO] Topic 'yolo-results' deleted. Waiting for Kafka to clear it...
[INFO] Topic 'yolo-results' successfully recreated with 1 partition(s).
[ERROR] Video file not found: race_car.mp4
[INFO] Clearing Kafka topic 'quickstart-events'...
[INFO] Topic 'quickstart-events' deleted. Waiting for Kafka to clear it...
[INFO] Topic 'quickstart-events' successfully recreated with 8 partition(s).
[INFO] Clearing Kafka topic 'yolo-results'...
[INFO] Topic 'yolo-results' deleted. Waiting for Kafka to clear it...
[INFO] Topic 'yolo-results' successfully recreated with 1 partition(s).
[INFO] Connecting to RTSP: rtsp://localhost:8554/live
[INFO] Stream opened (29.97 fps) — reading frames.
[INFO] Shutting down ingestion…
[INFO] Done — 1249 frames sent.
[INFO] Clearing Kafka topic 'quickstart-events'...
[INFO] Topic 'quickstart-events' deleted. Waiting for Kafka to clear it...
[INFO] Topic 'quickstart-events' successfully recreated with 8 partition(s).
[INFO] Clearing Kafka topic 'yolo-results'...
[INFO] Topic 'yolo-results' deleted. Waiting for Kafka to clear it...
[INFO] Topic 'yolo-results' successfully recreated with 1 partition(s).
[INFO] Connecting to RTSP: rtsp://localhost:8554/live
[INFO] Stream opened (30.00 fps) — reading frames.
[INFO] Shutting down ingestion…
[INFO] Done — 699 frames sent.
[INFO] Clearing Kafka topic 'quickstart-events'...
[INFO] Topic 'quickstart-events' deleted. Waiting for Kafka to clear it...
[INFO] Topic 'quickstart-events' successfully recreated with 8 partition(s).
[INFO] Clearing Kafka topic 'yolo-results'...
[INFO] Topic 'yolo-results' deleted. Waiting for Kafka to clear it...
[INFO] Topic 'yolo-results' successfully recreated with 1 partition(s).
[INFO] Connecting to RTSP: rtsp://localhost:8554/live
[INFO] Stream opened (29.97 fps) — reading frames.
[INFO] Shutting down ingestion…
[INFO] Done — 373 frames sent.
[INFO] Clearing Kafka topic 'quickstart-events'...
[INFO] Topic 'quickstart-events' deleted. Waiting for Kafka to clear it...
[INFO] Topic 'quickstart-events' successfully recreated with 8 partition(s).
[WARNING] kafka-consumer-groups not on PATH — skipping offset reset for 'quickstart-events'.
[INFO] Clearing Kafka topic 'yolo-results'...
[INFO] Topic 'yolo-results' deleted. Waiting for Kafka to clear it...
[INFO] Topic 'yolo-results' successfully recreated with 1 partition(s).
[WARNING] kafka-consumer-groups not on PATH — skipping offset reset for 'yolo-results'.
[INFO] Connecting to RTSP: rtsp://localhost:8554/live
[INFO] Stream opened (30.00 fps) — reading frames.
[INFO] Shutting down ingestion…
[INFO] Done — 262 frames sent.
[INFO] Clearing Kafka topic 'quickstart-events'...
[INFO] Topic 'quickstart-events' deleted. Waiting for Kafka to clear it...
[INFO] Topic 'quickstart-events' successfully recreated with 8 partition(s).
[WARNING] kafka-consumer-groups not on PATH — skipping offset reset for 'quickstart-events'.
[INFO] Clearing Kafka topic 'yolo-results'...
[INFO] Topic 'yolo-results' deleted. Waiting for Kafka to clear it...
[INFO] Topic 'yolo-results' successfully recreated with 1 partition(s).
[WARNING] kafka-consumer-groups not on PATH — skipping offset reset for 'yolo-results'.
[ERROR] Video file not found: race_car.mp4
[INFO] Clearing Kafka topic 'quickstart-events'...
[INFO] Topic 'quickstart-events' deleted. Waiting for Kafka to clear it...
[INFO] Topic 'quickstart-events' successfully recreated with 8 partition(s).
[WARNING] kafka-consumer-groups not on PATH — skipping offset reset for 'quickstart-events'.
[INFO] Clearing Kafka topic 'yolo-results'...
[INFO] Topic 'yolo-results' deleted. Waiting for Kafka to clear it...
[INFO] Topic 'yolo-results' successfully recreated with 1 partition(s).
[WARNING] kafka-consumer-groups not on PATH — skipping offset reset for 'yolo-results'.
[INFO] Connecting to RTSP: rtsp://localhost:8554/live
[INFO] Stream opened (30.00 fps) — reading frames.
[INFO] Shutting down ingestion…
[INFO] Done — 1032 frames sent.
[INFO] Clearing Kafka topic 'quickstart-events'...
[INFO] Topic 'quickstart-events' deleted. Waiting for Kafka to clear it...
[INFO] Topic 'quickstart-events' successfully recreated with 8 partition(s).
[WARNING] kafka-consumer-groups not on PATH — skipping offset reset for 'quickstart-events'.
[INFO] Clearing Kafka topic 'yolo-results'...
[INFO] Topic 'yolo-results' deleted. Waiting for Kafka to clear it...
[INFO] Topic 'yolo-results' successfully recreated with 1 partition(s).
[WARNING] kafka-consumer-groups not on PATH — skipping offset reset for 'yolo-results'.
[INFO] Connecting to RTSP: rtsp://localhost:8554/live
[INFO] Stream opened (30.00 fps) — reading frames.
[INFO] Shutting down ingestion…
[INFO] Done — 1790 frames sent.
