[INFO] Pre-fetching model 'yolov8n.pt'…
[INFO] Model ready.
[INFO] Spawning 4 workers…
[INFO] Pre-fetching model 'yolov8n.pt'…
[INFO] Model ready.
[INFO] Spawning 2 workers…
[INFO] Stopping all workers…
[INFO] All workers stopped.
[INFO] Pre-fetching model 'yolov8n.pt'…
[INFO] Model ready.
[INFO] Spawning 2 workers…
[INFO] Stopping all workers…
[INFO] All workers stopped.
[INFO] Pre-fetching model 'yolov8n.pt'…
[INFO] Model ready.
[INFO] Spawning 2 workers…
[INFO] Stopping all workers…
[INFO] All workers stopped.
[INFO] Pre-fetching model 'yolov8n.pt'…
[INFO] Model ready.
[INFO] Spawning 2 workers…
[INFO] Stopping all workers…
[INFO] All workers stopped.
[INFO] Pre-fetching model 'yolov8n.pt'…
[INFO] Model ready.
[INFO] Spawning 2 workers…
[INFO] Stopping all workers…
[INFO] All workers stopped.
[INFO] Pre-fetching model 'yolov8n.pt'…
[INFO] Model ready.
[INFO] GPU detected: NVIDIA GeForce RTX 3050 A Laptop GPU  (4.0 GB VRAM)
[INFO] Using Python: /home/moli/projects/bda_project/kafka-yolo-pipeline/.venv/bin/python
[INFO] Spawning 4 workers…
[INFO] Signal 15 — terminating workers.
[INFO] Pre-fetching model 'yolov8n.pt'…
[INFO] Model ready.
[INFO] GPU detected: NVIDIA GeForce RTX 3050 A Laptop GPU  (4.0 GB VRAM)
[INFO] Using Python: /home/moli/projects/bda_project/kafka-yolo-pipeline/.venv/bin/python
[INFO] Spawning 4 workers…
[INFO] Signal 15 — terminating workers.
[INFO] Pre-fetching model 'yolov8n.pt'…
[INFO] Model ready.
[INFO] GPU detected: NVIDIA GeForce RTX 3050 A Laptop GPU  (4.0 GB VRAM)
[INFO] Using Python: /home/moli/projects/bda_project/kafka-yolo-pipeline/.venv/bin/python
[INFO] Spawning 4 workers…
[INFO] Stopping all workers…
[INFO] All workers stopped.
[INFO] Pre-fetching model 'yolov8n.pt'…
[INFO] Model ready.
[INFO] GPU detected: NVIDIA GeForce RTX 3050 A Laptop GPU  (4.0 GB VRAM)
[INFO] Using Python: /home/moli/projects/bda_project/kafka-yolo-pipeline/.venv/bin/python
[INFO] Spawning 4 workers…
[INFO] Signal 15 — terminating workers.
[INFO] Pre-fetching model 'yolov8n.pt'…
[INFO] Model ready.
[INFO] GPU detected: NVIDIA GeForce RTX 3050 A Laptop GPU  (4.0 GB VRAM)
[INFO] Using Python: /home/moli/projects/bda_project/kafka-yolo-pipeline/.venv/bin/python
[INFO] Spawning 4 workers…
[INFO] Worker 0 — GPU: NVIDIA GeForce RTX 3050 A Laptop GPU
[INFO] Worker 2 — GPU: NVIDIA GeForce RTX 3050 A Laptop GPU
[INFO] Worker 3 — GPU: NVIDIA GeForce RTX 3050 A Laptop GPU
[INFO] Worker 1 — GPU: NVIDIA GeForce RTX 3050 A Laptop GPU
WARNING ⚠️ NMS time limit 2.050s exceeded
WARNING ⚠️ NMS time limit 2.050s exceeded
[INFO] Worker 2 — YOLO loaded on cuda. conf=0.35  batch=16
[INFO] Worker 2 pipeline running (3 stages, device=cuda, batch=16).
[INFO] Worker 3 — YOLO loaded on cuda. conf=0.35  batch=16
[INFO] Worker 3 pipeline running (3 stages, device=cuda, batch=16).
WARNING ⚠️ NMS time limit 2.050s exceeded
WARNING ⚠️ NMS time limit 2.050s exceeded
[INFO] Worker 1 — YOLO loaded on cuda. conf=0.35  batch=16
[INFO] Worker 1 pipeline running (3 stages, device=cuda, batch=16).
[INFO] Worker 0 — YOLO loaded on cuda. conf=0.35  batch=16
[INFO] Worker 0 pipeline running (3 stages, device=cuda, batch=16).
[INFO] Worker 2 — FPS: 2.2
[INFO] Worker 3 — FPS: 0.0
[INFO] Worker 1 — FPS: 0.0
[INFO] Worker 0 — FPS: 0.0
[INFO] Worker 2 — FPS: 1.5
[INFO] Worker 3 — FPS: 1.0
[INFO] Worker 1 — FPS: 1.4
[INFO] Worker 0 — FPS: 1.0
[INFO] Worker 2 — FPS: 3.9
[INFO] Worker 3 — FPS: 3.3
[INFO] Worker 1 — FPS: 4.8
[INFO] Worker 0 — FPS: 4.2
[INFO] Worker 2 — FPS: 4.2
[INFO] Worker 3 — FPS: 5.3
[INFO] Worker 1 — FPS: 6.3
[INFO] Worker 0 — FPS: 5.5
[INFO] Worker 2 — FPS: 6.4
[INFO] Worker 3 — FPS: 8.6
[INFO] Worker 1 — FPS: 8.2
[INFO] Worker 0 — FPS: 7.9
[INFO] Worker 0 — shutdown signal.
[INFO] Worker 1 — shutdown signal.
[INFO] Worker 3 — shutdown signal.
[INFO] Worker 2 — shutdown signal.
[INFO] Signal 15 — terminating workers.
[INFO] Worker 0 — shutdown signal.
[INFO] Worker 1 — shutdown signal.
[INFO] Worker 3 — shutdown signal.
[INFO] Worker 2 — shutdown signal.
[INFO] Worker 3 draining pipeline…
[INFO] Worker 3 done.
[INFO] Worker 0 draining pipeline…
[INFO] Worker 0 done.
[INFO] Worker 2 draining pipeline…
[INFO] Worker 2 done.
[INFO] Worker 1 draining pipeline…
[INFO] Worker 1 done.
[INFO] Pre-fetching model 'yolov8n.pt'…
[INFO] Model ready.
[INFO] GPU detected: NVIDIA GeForce RTX 3050 A Laptop GPU  (4.0 GB VRAM)
[INFO] Using Python: /home/moli/projects/bda_project/kafka-yolo-pipeline/.venv/bin/python
[INFO] Spawning 4 workers…
[INFO] Stopping all workers…
[INFO] Pre-fetching model 'yolov8n.pt'…
[INFO] Model ready.
[INFO] GPU detected: NVIDIA GeForce RTX 3050 A Laptop GPU  (4.0 GB VRAM)
[INFO] Using Python: /home/moli/projects/bda_project/kafka-yolo-pipeline/.venv/bin/python
[INFO] Spawning 4 workers…
[INFO] Stopping all workers…
[INFO] All workers stopped.
