[INFO] Worker 1 ready (annotation mode).
[INFO] YOLO model loaded. Confidence threshold: 0.35
[INFO] Worker 1 ready.
[INFO] Worker 1 shutting down.
[INFO] Worker 1 done.
[INFO] YOLO model loaded. Confidence threshold: 0.35
[INFO] Worker 1 ready.
[INFO] Worker 1 shutting down.
[INFO] Worker 1 done.
[INFO] YOLO model loaded. Confidence threshold: 0.35
[INFO] Worker 1 ready.
[INFO] Worker 1 shutting down.
[INFO] Worker 1 done.
[INFO] YOLO loaded. conf=0.35  batch=4
[INFO] Worker 1 pipeline running (3 stages, batch=4).
[INFO] Worker 1 — shutdown signal.
[INFO] Worker 1 draining pipeline…
[INFO] Worker 1 done.
[INFO] YOLO loaded. conf=0.35  batch=4
[INFO] Worker 1 pipeline running (3 stages, batch=4).
[INFO] Worker 1 — shutdown signal.
[INFO] Worker 1 draining pipeline…
[INFO] Worker 1 — shutdown signal.
[INFO] Worker 1 done.
[INFO] Worker 1 — GPU: NVIDIA GeForce RTX 3050 A Laptop GPU
[INFO] Worker 1 — YOLO loaded on cuda. conf=0.35  batch=16
[INFO] Worker 1 pipeline running (3 stages, device=cuda, batch=16).
[INFO] Worker 1 — FPS: 0.9
[INFO] Worker 1 — FPS: 0.9
[INFO] Worker 1 — FPS: 0.9
[INFO] Worker 1 — FPS: 0.9
[INFO] Worker 1 — FPS: 0.9
[INFO] Worker 1 — FPS: 0.9
[INFO] Worker 1 — FPS: 0.9
[INFO] Worker 1 — FPS: 0.9
[INFO] Worker 1 — FPS: 0.9
[INFO] Worker 1 — shutdown signal.
[INFO] Worker 1 draining pipeline…
[INFO] Worker 1 done.
[INFO] Worker 1 — GPU: NVIDIA GeForce RTX 3050 A Laptop GPU
[INFO] Worker 1 — YOLO loaded on cuda. conf=0.35  batch=16
[INFO] Worker 1 pipeline running (3 stages, device=cuda, batch=16).
[INFO] Worker 1 — FPS: 4.8
[INFO] Worker 1 — FPS: 5.9
[INFO] Worker 1 — FPS: 6.8
[INFO] Worker 1 — FPS: 9.3
[INFO] Worker 1 — FPS: 8.0
[INFO] Worker 1 — FPS: 7.5
[INFO] Worker 1 — FPS: 8.1
[INFO] Worker 1 — FPS: 7.4
[INFO] Worker 1 — FPS: 7.1
[INFO] Worker 1 — FPS: 7.2
[INFO] Worker 1 — FPS: 8.2
[INFO] Worker 1 — FPS: 6.9
[INFO] Worker 1 — FPS: 7.1
[INFO] Worker 1 — FPS: 6.8
[INFO] Worker 1 — FPS: 6.0
[INFO] Worker 1 — FPS: 20.4
[INFO] Worker 1 — FPS: 17.4
[INFO] Worker 1 — FPS: 21.3
[INFO] Worker 1 — FPS: 21.8
[INFO] Worker 1 — FPS: 18.4
[INFO] Worker 1 — FPS: 19.3
[INFO] Worker 1 — FPS: 19.0
[INFO] Worker 1 — FPS: 18.5
[INFO] Worker 1 — FPS: 17.5
[INFO] Worker 1 — FPS: 15.4
[INFO] Worker 1 — FPS: 17.4
[INFO] Worker 1 — FPS: 19.0
[INFO] Worker 1 — shutdown signal.
[INFO] Worker 1 — shutdown signal.
[INFO] Worker 1 draining pipeline…
[INFO] Worker 1 done.
[INFO] Worker 1 — GPU: NVIDIA GeForce RTX 3050 A Laptop GPU
[INFO] Worker 1 — YOLO loaded on cuda. conf=0.35  batch=16
[INFO] Worker 1 pipeline running (3 stages, device=cuda, batch=16).
[INFO] Worker 1 — FPS: 0.0
[INFO] Worker 1 — FPS: 0.0
[INFO] Worker 1 — FPS: 0.0
[INFO] Worker 1 — FPS: 0.0
[INFO] Worker 1 — FPS: 0.0
[INFO] Worker 1 — FPS: 0.0
[INFO] Worker 1 — FPS: 0.0
[INFO] Worker 1 — FPS: 0.0
[INFO] Worker 1 — FPS: 0.0
[INFO] Worker 1 — FPS: 0.0
[INFO] Worker 1 — FPS: 0.0
[INFO] Worker 1 — FPS: 0.0
[INFO] Worker 1 — FPS: 0.0
[INFO] Worker 1 — FPS: 0.0
[INFO] Worker 1 — FPS: 0.0
[INFO] Worker 1 — FPS: 7.7
[INFO] Worker 1 — FPS: 7.7
[INFO] Worker 1 — FPS: 7.8
[INFO] Worker 1 — FPS: 7.3
[INFO] Worker 1 — FPS: 7.6
[INFO] Worker 1 — FPS: 7.5
[INFO] Worker 1 — FPS: 7.5
[INFO] Worker 1 — FPS: 7.5
[INFO] Worker 1 — FPS: 7.5
[INFO] Worker 1 — FPS: 7.5
[INFO] Worker 1 — FPS: 7.5
[INFO] Worker 1 — FPS: 7.5
[INFO] Worker 1 — FPS: 7.5
[INFO] Worker 1 — FPS: 7.5
[INFO] Worker 1 — FPS: 7.5
[INFO] Worker 1 — FPS: 7.5
[INFO] Worker 1 — FPS: 7.5
[INFO] Worker 1 — FPS: 7.5
[INFO] Worker 1 — FPS: 7.5
[INFO] Worker 1 — FPS: 7.5
[INFO] Worker 1 — FPS: 7.5
[INFO] Worker 1 — FPS: 7.5
[INFO] Worker 1 — FPS: 7.5
[INFO] Worker 1 — FPS: 7.5
[INFO] Worker 1 — FPS: 7.5
[INFO] Worker 1 — FPS: 7.5
[INFO] Worker 1 — FPS: 7.5
[INFO] Worker 1 — FPS: 7.5
[INFO] Worker 1 — FPS: 7.5
[INFO] Worker 1 — FPS: 7.5
[INFO] Worker 1 — FPS: 7.5
[INFO] Worker 1 — shutdown signal.
[INFO] Worker 1 — shutdown signal.
[INFO] Worker 1 draining pipeline…
[INFO] Worker 1 done.
[INFO] Worker 1 — GPU: NVIDIA GeForce RTX 3050 A Laptop GPU
[INFO] Worker 1 — YOLO loaded on cuda. conf=0.35  batch=16
[INFO] Worker 1 pipeline running (3 stages, device=cuda, batch=16).
[INFO] Worker 1 — FPS: 0.0
[INFO] Worker 1 — FPS: 1.4
[INFO] Worker 1 — FPS: 4.8
[INFO] Worker 1 — FPS: 6.3
[INFO] Worker 1 — FPS: 8.2
[INFO] Worker 1 — shutdown signal.
[INFO] Worker 1 — shutdown signal.
[INFO] Worker 1 draining pipeline…
[INFO] Worker 1 done.
[INFO] Worker 1 — GPU: NVIDIA GeForce RTX 3050 A Laptop GPU
[INFO] Worker 1 — YOLO loaded on cuda. conf=0.35  batch=16
[INFO] Worker 1 pipeline running (3 stages, device=cuda, batch=16).
[INFO] Worker 1 — FPS: 0.0
[INFO] Worker 1 — FPS: 0.0
[INFO] Worker 1 — FPS: 0.0
[INFO] Worker 1 — FPS: 0.0
[INFO] Worker 1 — FPS: 0.0
[INFO] Worker 1 — FPS: 0.0
[INFO] Worker 1 — FPS: 0.0
[INFO] Worker 1 — FPS: 0.0
[INFO] Worker 1 — FPS: 0.0
[INFO] Worker 1 — FPS: 0.0
[INFO] Worker 1 — FPS: 0.0
[INFO] Worker 1 — FPS: 0.0
[INFO] Worker 1 — FPS: 0.0
[INFO] Worker 1 — FPS: 0.0
[INFO] Worker 1 — FPS: 0.0
[INFO] Worker 1 — FPS: 0.0
[INFO] Worker 1 — FPS: 0.0
[INFO] Worker 1 — FPS: 0.0
[INFO] Worker 1 — FPS: 0.0
[INFO] Worker 1 — FPS: 0.0
[INFO] Worker 1 — FPS: 0.0
[INFO] Worker 1 — FPS: 0.0
[INFO] Worker 1 — FPS: 0.0
[INFO] Worker 1 — FPS: 0.0
[INFO] Worker 1 — FPS: 0.0
[INFO] Worker 1 — FPS: 0.0
[INFO] Worker 1 — FPS: 0.0
[INFO] Worker 1 — FPS: 0.0
[INFO] Worker 1 — FPS: 0.0
[INFO] Worker 1 — FPS: 0.0
[INFO] Worker 1 — FPS: 0.0
[INFO] Worker 1 — FPS: 0.0
[INFO] Worker 1 — FPS: 0.0
[INFO] Worker 1 — FPS: 9.0
[INFO] Worker 1 — FPS: 8.0
[INFO] Worker 1 — FPS: 7.7
[INFO] Worker 1 — FPS: 8.5
[INFO] Worker 1 — FPS: 8.3
[INFO] Worker 1 — FPS: 7.8
[INFO] Worker 1 — FPS: 8.8
[INFO] Worker 1 — FPS: 8.3
[INFO] Worker 1 — FPS: 7.6
[INFO] Worker 1 — FPS: 7.3
[INFO] Worker 1 — shutdown signal.
[INFO] Worker 1 — shutdown signal.
[INFO] Worker 1 draining pipeline…
[INFO] Worker 1 — shutdown signal.
[INFO] Worker 1 done.
[INFO] Worker 1 — GPU: NVIDIA GeForce RTX 3050 A Laptop GPU
[INFO] Worker 1 — YOLO loaded on cuda. conf=0.35  batch=16
[INFO] Worker 1 pipeline running (3 stages, device=cuda, batch=16).
[INFO] Worker 1 — FPS: 0.0
[INFO] Worker 1 — FPS: 0.0
[INFO] Worker 1 — FPS: 0.0
[INFO] Worker 1 — FPS: 7.9
[INFO] Worker 1 — FPS: 7.6
[INFO] Worker 1 — FPS: 7.6
[INFO] Worker 1 — FPS: 6.4
[INFO] Worker 1 — FPS: 6.6
[INFO] Worker 1 — FPS: 8.8
[INFO] Worker 1 — FPS: 8.2
[INFO] Worker 1 — FPS: 8.2
[INFO] Worker 1 — FPS: 8.2
[INFO] Worker 1 — FPS: 8.2
[INFO] Worker 1 — FPS: 8.2
[INFO] Worker 1 — FPS: 8.2
[INFO] Worker 1 — FPS: 8.2
[INFO] Worker 1 — FPS: 8.2
[INFO] Worker 1 — FPS: 8.2
[INFO] Worker 1 — FPS: 8.2
[INFO] Worker 1 — FPS: 8.2
[INFO] Worker 1 — FPS: 8.2
[INFO] Worker 1 — FPS: 8.2
[INFO] Worker 1 — FPS: 8.2
[INFO] Worker 1 — FPS: 8.2
[INFO] Worker 1 — FPS: 8.2
[INFO] Worker 1 — FPS: 8.2
[INFO] Worker 1 — FPS: 8.2
[INFO] Worker 1 — FPS: 8.2
[INFO] Worker 1 — FPS: 8.2
[INFO] Worker 1 — FPS: 8.2
[INFO] Worker 1 — FPS: 8.2
[INFO] Worker 1 — FPS: 8.2
[INFO] Worker 1 — FPS: 8.2
[INFO] Worker 1 — FPS: 8.2
[INFO] Worker 1 — FPS: 8.2
[INFO] Worker 1 — FPS: 8.2
[INFO] Worker 1 — FPS: 8.2
[INFO] Worker 1 — FPS: 8.2
[INFO] Worker 1 — shutdown signal.
[INFO] Worker 1 draining pipeline…
[INFO] Worker 1 done.
