[INFO] Writing video → output/output_1775632740.mp4  (1280x720 @ 25 fps)
[INFO] Collector started — Ctrl+C to stop and finalise.
[INFO] Ctrl+C received — finalising video…
[INFO] Video saved — 0 frames written, 935 frames still in buffer flushed.
[INFO] Output: output/output_1775632740.mp4
[INFO] Writing video → output/output_1775633521.mp4  (1280x720 @ 25 fps)
[INFO] Collector started — Ctrl+C to stop and finalise.
[INFO] Ctrl+C received — finalising video…
[INFO] Video saved — 0 frames written, 187 frames still in buffer flushed.
[INFO] Output: output/output_1775633521.mp4
[INFO] Writing video → output/output_1775636547.mp4  (1280x720 @ 25 fps, codec=mp4v)
[INFO] Collector started — Ctrl+C to stop and finalise.
[INFO] Ctrl+C received — finalising video…
[INFO] Video saved — 1 frames written, 8 frames still in buffer flushed.
[INFO] Output: output/output_1775636547.mp4
[INFO] Writing video → output/output_1775637500.mp4  (1280x720 @ 25 fps, codec=libx264/H.264)
[INFO] Collector started (group=yolo-results-group-1775637500) — Ctrl+C to stop and finalise.
[INFO] Ctrl+C received — finalising video…
[INFO] Closing video encoder…
[INFO] Writing video → output/output_1775637956.mp4  (1280x720 @ 25 fps, codec=libx264/H.264)
[INFO] Collector started (group=yolo-results-group-1775637956) — Ctrl+C to stop and finalise.
[INFO] Writing video → output/output_1775638111.mp4  (1280x720 @ 25 fps, codec=libx264/H.264)
[INFO] Collector started (group=yolo-results-group-1775638111) — Ctrl+C to stop and finalise.
[INFO] Writing video → output/output_1775638445.mp4  (1280x720 @ 25 fps, codec=libx264/H.264)
[INFO] Collector started (group=yolo-results-group-1775638445) — Ctrl+C to stop and finalise.
[INFO] Ctrl+C received — finalising video…
[INFO] Closing video encoder…
[INFO] Writing video → output/output_1775638709.mp4  (1280x720 @ 25 fps, codec=libx264/H.264)
[INFO] Collector started (group=yolo-results-group-1775638709) — Ctrl+C to stop and finalise.
[INFO] Ctrl+C received — finalising video…
[INFO] Closing video encoder…
[WARNING] ffmpeg: ffmpeg version 6.1.1-3ubuntu5 Copyright (c) 2000-2023 the FFmpeg developers
[WARNING] ffmpeg:   built with gcc 13 (Ubuntu 13.2.0-23ubuntu3)
[WARNING] ffmpeg:   configuration: --prefix=/usr --extra-version=3ubuntu5 --toolchain=hardened --libdir=/usr/lib/x86_64-linux-gnu --incdir=/usr/include/x86_64-linux-gnu --arch=amd64 --enable-gpl --disable-stripping --disable-omx --enable-gnutls --enable-libaom --enable-libass --enable-libbs2b --enable-libcaca --enable-libcdio --enable-libcodec2 --enable-libdav1d --enable-libflite --enable-libfontconfig --enable-libfreetype --enable-libfribidi --enable-libglslang --enable-libgme --enable-libgsm --enable-libharfbuzz --enable-libmp3lame --enable-libmysofa --enable-libopenjpeg --enable-libopenmpt --enable-libopus --enable-librubberband --enable-libshine --enable-libsnappy --enable-libsoxr --enable-libspeex --enable-libtheora --enable-libtwolame --enable-libvidstab --enable-libvorbis --enable-libvpx --enable-libwebp --enable-libx265 --enable-libxml2 --enable-libxvid --enable-libzimg --enable-openal --enable-opencl --enable-opengl --disable-sndio --enable-libvpl --disable-libmfx --enable-libdc1394 --enable-libdrm --enable-libiec61883 --enable-chromaprint --enable-frei0r --enable-ladspa --enable-libbluray --enable-libjack --enable-libpulse --enable-librabbitmq --enable-librist --enable-libsrt --enable-libssh --enable-libsvtav1 --enable-libx264 --enable-libzmq --enable-libzvbi --enable-lv2 --enable-sdl2 --enable-libplacebo --enable-librav1e --enable-pocketsphinx --enable-librsvg --enable-libjxl --enable-shared
[WARNING] ffmpeg:   libavutil      58. 29.100 / 58. 29.100
[WARNING] ffmpeg:   libavcodec     60. 31.102 / 60. 31.102
[WARNING] ffmpeg:   libavformat    60. 16.100 / 60. 16.100
[WARNING] ffmpeg:   libavdevice    60.  3.100 / 60.  3.100
[WARNING] ffmpeg:   libavfilter     9. 12.100 /  9. 12.100
[WARNING] ffmpeg:   libswscale      7.  5.100 /  7.  5.100
[WARNING] ffmpeg:   libswresample   4. 12.100 /  4. 12.100
[WARNING] ffmpeg:   libpostproc    57.  3.100 / 57.  3.100
[WARNING] ffmpeg: Input #0, rawvideo, from 'pipe:0':
[WARNING] ffmpeg:   Duration: N/A, start: 0.000000, bitrate: 552960 kb/s
[WARNING] ffmpeg:   Stream #0:0: Video: rawvideo (BGR[24] / 0x18524742), bgr24, 1280x720, 552960 kb/s, 25 tbr, 25 tbn
[WARNING] ffmpeg: Stream mapping:
[WARNING] ffmpeg:   Stream #0:0 -> #0:0 (rawvideo (native) -> h264 (libx264))
[WARNING] ffmpeg: [libx264 @ 0x62cdd9591400] using cpu capabilities: MMX2 SSE2Fast SSSE3 SSE4.2 AVX FMA3 BMI2 AVX2
[WARNING] ffmpeg: [libx264 @ 0x62cdd9591400] profile High, level 3.1, 4:2:0, 8-bit
[WARNING] ffmpeg: [libx264 @ 0x62cdd9591400] 264 - core 164 r3108 31e19f9 - H.264/MPEG-4 AVC codec - Copyleft 2003-2023 - http://www.videolan.org/x264.html - options: cabac=1 ref=2 deblock=1:0:0 analyse=0x3:0x113 me=hex subme=6 psy=1 psy_rd=1.00:0.00 mixed_ref=1 me_range=16 chroma_me=1 trellis=1 8x8dct=1 cqm=0 deadzone=21,11 fast_pskip=1 chroma_qp_offset=-2 threads=6 lookahead_threads=1 sliced_threads=0 nr=0 decimate=1 interlaced=0 bluray_compat=0 constrained_intra=0 bframes=3 b_pyramid=2 b_adapt=1 b_bias=0 direct=1 weightb=1 open_gop=0 weightp=1 keyint=250 keyint_min=25 scenecut=40 intra_refresh=0 rc_lookahead=30 rc=crf mbtree=1 crf=23.0 qcomp=0.60 qpmin=0 qpmax=69 qpstep=4 ip_ratio=1.40 aq=1:1.00
[WARNING] ffmpeg: Output #0, mp4, to 'output/output_1775638709.mp4':
[WARNING] ffmpeg:   Metadata:
[WARNING] ffmpeg:     encoder         : Lavf60.16.100
[WARNING] ffmpeg:   Stream #0:0: Video: h264 (avc1 / 0x31637661), yuv420p(tv, progressive), 1280x720, q=2-31, 25 fps, 12800 tbn
[WARNING] ffmpeg:     Metadata:
[WARNING] ffmpeg:       encoder         : Lavc60.31.102 libx264
[WARNING] ffmpeg:     Side data:
[WARNING] ffmpeg:       cpb: bitrate max/min/avg: 0/0/0 buffer size: 0 vbv_delay: N/A
[WARNING] ffmpeg: frame=    0 fps=0.0 q=0.0 size=       0kB time=N/A bitrate=N/A speed=N/A    
[WARNING] ffmpeg: [mp4 @ 0x62cdd95908c0] Starting second pass: moving the moov atom to the beginning of the file
[WARNING] ffmpeg: [out#0/mp4 @ 0x62cdd958fd00] video:26kB audio:0kB subtitle:0kB other streams:0kB global headers:0kB muxing overhead: 3.086489%
[WARNING] ffmpeg: frame=    1 fps=0.0 q=28.0 Lsize=      27kB time=00:00:00.00 bitrate=N/A speed=   0x    
[WARNING] ffmpeg: [libx264 @ 0x62cdd9591400] frame I:1     Avg QP:23.28  size: 26008
[WARNING] ffmpeg: [libx264 @ 0x62cdd9591400] mb I  I16..4: 40.0% 51.2%  8.8%
[WARNING] ffmpeg: [libx264 @ 0x62cdd9591400] 8x8 transform intra:51.2%
[WARNING] ffmpeg: [libx264 @ 0x62cdd9591400] coded y,uvDC,uvAC intra: 49.0% 39.0% 2.9%
[WARNING] ffmpeg: [libx264 @ 0x62cdd9591400] i16 v,h,dc,p: 67% 25%  6%  2%
[WARNING] ffmpeg: [libx264 @ 0x62cdd9591400] i8 v,h,dc,ddl,ddr,vr,hd,vl,hu: 12% 36% 15%  5%  4%  3%  8%  4% 12%
[WARNING] ffmpeg: [libx264 @ 0x62cdd9591400] i4 v,h,dc,ddl,ddr,vr,hd,vl,hu: 11% 45% 11%  5%  5%  4%  8%  3%  9%
[WARNING] ffmpeg: [libx264 @ 0x62cdd9591400] i8c dc,h,v,p: 56% 36%  5%  3%
[WARNING] ffmpeg: [libx264 @ 0x62cdd9591400] kb/s:5201.60
[WARNING] ffmpeg: Exiting normally, received signal 2.
[INFO] Video saved — 148 frames received, 1 frames written (0.04s) to output/output_1775638709.mp4
[INFO] Writing video → output/output_1775638906.mp4  (1280x720 @ 25 fps, codec=libx264/H.264)
[INFO] Collector started (group=yolo-results-group-1775638906) — Ctrl+C to stop and finalise.
[INFO] Ctrl+C received — finalising video…
[INFO] Closing video encoder…
[INFO] Video saved — 772 frames received, 666 frames written (26.64s) to output/output_1775638906.mp4
[INFO] Collector started (group=yolo-results-group-1775639774) — Ctrl+C to stop and finalise.
[INFO] Writing video → output/output_1775639774.mp4  (1280x720 @ 25 fps, codec=libx264/H.264)
[INFO] Ctrl+C received — finalising video…
[INFO] Closing video encoder…
[INFO] Video saved — 787 frames received, 681 frames written (27.24s) to output/output_1775639774.mp4
[INFO] Collector started (group=yolo-results-group-1775639871) — Ctrl+C to stop and finalise.
[INFO] Writing video → output/output_1775639871.mp4  (1280x720 @ 25 fps, codec=libx264/H.264)
[INFO] Ctrl+C received — finalising video…
[INFO] Closing video encoder…
[INFO] Ctrl+C received — finalising video…
[INFO] Video saved — 787 frames received, 681 frames written (27.24s) to output/output_1775639871.mp4
[INFO] Collector started (group=yolo-results-group-1775640053) — Ctrl+C to stop and finalise.
[INFO] Writing video → output/output_1775640053.mp4  (1280x720 @ 25 fps, codec=libx264/H.264)
[INFO] Ctrl+C received — finalising video…
[INFO] Closing video encoder…
[INFO] Video saved — 41 frames received, 130 frames written (5.20s) to output/output_1775640053.mp4
[INFO] Collector started (group=yolo-results-group-1775640301) — Ctrl+C to stop and finalise.
[INFO] Writing video → output/output_1775640301.mp4  (1280x720 @ 25 fps, codec=libx264/H.264)
[INFO] Ctrl+C received — finalising video…
[INFO] Closing video encoder…
[INFO] Video saved — 250 frames received, 244 frames written (9.76s) to output/output_1775640301.mp4
[INFO] Collector started (group=yolo-results-group-1775640394) — Ctrl+C to stop and finalise.
[INFO] Writing video → output/output_1775640394.mp4  (1280x720 @ 25 fps, codec=libx264/H.264)
[INFO] Ctrl+C received — finalising video…
[INFO] Closing video encoder…
[INFO] Video saved — 355 frames received, 355 frames written (14.20s) to output/output_1775640394.mp4
[INFO] Collector started (group=yolo-results-group-1775641201) — Ctrl+C to stop and finalise.
[INFO] Ctrl+C received — finalising video…
[INFO] Closing video encoder…
[INFO] Video saved — 0 frames received, 0 frames written (0.00s) to output/output_1775641201.mp4
[INFO] Collector started (group=yolo-results-group-1775641246) — Ctrl+C to stop and finalise.
[INFO] Writing video → output/output_1775641246.mp4  (1280x720 @ 30 fps, codec=libx264/H.264)
[INFO] Ctrl+C received — finalising video…
[INFO] Closing video encoder…
[INFO] Video saved — 16 frames received, 16 frames written (0.53s) to output/output_1775641246.mp4
[INFO] Collector started (group=yolo-results-group-1775641354) — Ctrl+C to stop and finalise.
[INFO] Writing video → output/output_1775641354.mp4  (1280x720 @ 30 fps, codec=libx264/H.264)
[INFO] Ctrl+C received — finalising video…
[INFO] Closing video encoder…
[INFO] Video saved — 23 frames received, 18 frames written (0.60s) to output/output_1775641354.mp4
[INFO] Collector started (group=yolo-results-group-1775641938) — Ctrl+C to stop and finalise.
[INFO] Writing video → output/output_1775641938.mp4  (1280x720 @ 30 fps, codec=libx264/H.264)
[INFO] Collector started (group=yolo-results-group-1775641974) — Ctrl+C to stop and finalise.
[INFO] Writing video → output/output_1775641974.mp4  (1280x720 @ 30 fps, codec=libx264/H.264)
[INFO] Collector started (group=yolo-results-group-1775643153) — Ctrl+C to stop and finalise.
[INFO] Writing video → output/output_1775643153.mp4  (1280x720 @ 30 fps, codec=libx264/H.264)
[INFO] Collector started (group=yolo-results-group-1775643343) — Ctrl+C to stop and finalise.
[INFO] Writing video → output/output_1775643343.mp4  (1280x720 @ 30 fps, codec=libx264/H.264)
[INFO] Ctrl+C received — finalising video…
[INFO] Closing video encoder…
[INFO] Ctrl+C received — finalising video…
[INFO] Closing video encoder…
[INFO] Video saved — 429 frames received, 429 frames written (14.30s) to output/output_1775643153.mp4
[INFO] Video saved — 282 frames received, 282 frames written (9.40s) to output/output_1775643343.mp4
[INFO] Collector started (group=yolo-results-group-1775644186) — Ctrl+C to stop and finalise.
[INFO] Writing video → output/output_1775644186.mp4  (1280x720 @ 30 fps, codec=libx264/H.264)
[INFO] Collector started (group=yolo-results-group-1775644187) — Ctrl+C to stop and finalise.
[INFO] Writing video → output/output_1775644187.mp4  (1280x720 @ 30 fps, codec=libx264/H.264)
[INFO] Collector started (group=yolo-results-group-1775644193) — Ctrl+C to stop and finalise.
[INFO] Writing video → output/output_1775644193.mp4  (1280x720 @ 30 fps, codec=libx264/H.264)
[INFO] Ctrl+C received — finalising video…
[INFO] Closing video encoder…
[INFO] Ctrl+C received — finalising video…
[INFO] Closing video encoder…
[INFO] Ctrl+C received — finalising video…
[INFO] Closing video encoder…
[INFO] Video saved — 22 frames received, 22 frames written (0.73s) to output/output_1775644193.mp4
[INFO] Video saved — 39 frames received, 39 frames written (1.30s) to output/output_1775644187.mp4
[INFO] Video saved — 614 frames received, 614 frames written (20.47s) to output/output_1775644186.mp4
[INFO] Collector started (group=yolo-results-group-1775646855) — Ctrl+C to stop and finalise.
[INFO] Writing video → output/output_1775646855.mp4  (1280x720 @ 30 fps, codec=libx264/H.264)
[INFO] Ctrl+C received — finalising video…
[INFO] Closing video encoder…
[INFO] Video saved — 25 frames received, 1 frames written (0.03s) to output/output_1775646855.mp4
[INFO] Collector started (group=yolo-results-group-1775647463) — Ctrl+C to stop and finalise.
[INFO] Writing video → output/output_1775647463.mp4  (1280x720 @ 30 fps, codec=libx264/H.264)
[INFO] Ctrl+C received — finalising video…
[INFO] Closing video encoder…
[INFO] Video saved — 40 frames received, 16 frames written (0.53s) to output/output_1775647463.mp4
[INFO] Collector started (group=yolo-results-group-1775647900) — Ctrl+C to stop and finalise.
[INFO] Writing video → output/output_1775647900.mp4  (1280x720 @ 30 fps, codec=libx264/H.264)
[INFO] Ctrl+C received — finalising video…
[INFO] Closing video encoder…
[INFO] Video saved — 35 frames received, 24 frames written (0.80s) to output/output_1775647900.mp4
[INFO] Collector started (group=yolo-results-group-1775648057) — Ctrl+C to stop and finalise.
[INFO] Writing video → output/output_1775648057.mp4  (1280x720 @ 30 fps, codec=libx264/H.264)
[INFO] Ctrl+C received — finalising video…
[INFO] Closing video encoder…
[INFO] Video saved — 200 frames received, 127 frames written (4.23s) to output/output_1775648057.mp4
[INFO] Collector started (group=yolo-results-group-1775706057) — Ctrl+C to stop and finalise.
[INFO] Writing video → output/output_1775706057.mp4  (1280x720 @ 30 fps, codec=libx264/H.264)
[INFO] Ctrl+C received — finalising video…
[INFO] Closing video encoder…
[INFO] Video saved — 544 frames received, 263 frames written (8.77s) to output/output_1775706057.mp4
[INFO] Collector started (group=yolo-results-group-1775707786) — Ctrl+C to stop and finalise.
[INFO] Writing video → output/output_1775707786.mp4  (854x480 @ 30 fps, codec=libx264/H.264)
[INFO] Ctrl+C received — finalising video…
[INFO] Closing video encoder…
[INFO] Video saved — 793 frames received, 348 frames written (11.60s) to output/output_1775707786.mp4
[INFO] Collector started (group=yolo-results-group-1775738678) — Ctrl+C to stop and finalise.
[INFO] Writing video → output/output_1775738678.mp4  (854x480 @ 30 fps, codec=libx264/H.264)
[INFO] Ctrl+C received — finalising video…
[INFO] Closing video encoder…
[INFO] Video saved — 21 frames received, 13 frames written (0.43s) to output/output_1775738678.mp4
