[INFO] Pre-fetching model 'yolov8n.pt'…
[INFO] Model ready.
[INFO] Spawning 2 workers…
[INFO] Pre-fetching model 'yolov8n.pt'…
[INFO] Model ready.
[INFO] Spawning 2 workers…
[INFO] Signal 15 — terminating workers.
[INFO] Pre-fetching model 'yolov8n.pt'…
[INFO] Model ready.
[INFO] Spawning 2 workers…
[INFO] Signal 15 — terminating workers.
[INFO] Pre-fetching model 'yolov8n.pt'…
[INFO] Model ready.
[INFO] Spawning 2 workers…
[INFO] Signal 15 — terminating workers.
[INFO] Pre-fetching model 'yolov8n.pt'…
[INFO] Model ready.
[INFO] Spawning 2 workers…
[INFO] Signal 15 — terminating workers.
[INFO] Pre-fetching model 'yolov8n.pt'…
[INFO] Model ready.
[INFO] Spawning 2 workers…
[INFO] Pre-fetching model 'yolov8n.pt'…
[INFO] Model ready.
[INFO] GPU detected: NVIDIA GeForce RTX 3050 A Laptop GPU  (4.0 GB VRAM)
[INFO] Using Python: /home/moli/projects/bda_project/kafka-yolo-pipeline/.venv/bin/python
[INFO] Spawning 4 workers…
